<?xml version="1.0" encoding="UTF-8"?>
<testng-results ignored="0" total="2" passed="2" failed="0" skipped="0">
  <reporter-output>
  </reporter-output>
  <suite started-at="2024-10-10T21:16:42 IST" name="Suite" finished-at="2024-10-10T21:16:44 IST" duration-ms="1997">
    <groups>
    </groups>
    <test started-at="2024-10-10T21:16:42 IST" name="Test" finished-at="2024-10-10T21:16:44 IST" duration-ms="1997">
      <class name="com.API_Demo.test.APIDemo_Test">
        <test-method signature="testGetAPI()[pri:0, instance:com.API_Demo.test.APIDemo_Test@38e79ae3]" started-at="2024-10-10T21:16:42 IST" name="testGetAPI" finished-at="2024-10-10T21:16:43 IST" duration-ms="972" status="PASS">
          <reporter-output>
          </reporter-output>
        </test-method> <!-- testGetAPI -->
        <test-method signature="testPostAPI()[pri:0, instance:com.API_Demo.test.APIDemo_Test@38e79ae3]" started-at="2024-10-10T21:16:43 IST" name="testPostAPI" finished-at="2024-10-10T21:16:44 IST" duration-ms="1001" status="PASS">
          <reporter-output>
          </reporter-output>
        </test-method> <!-- testPostAPI -->
      </class> <!-- com.API_Demo.test.APIDemo_Test -->
    </test> <!-- Test -->
  </suite> <!-- Suite -->
</testng-results>
